Start testing: Jul 18 12:09 EAT
----------------------------------------------------------
1/3 Testing: apool
1/3 Test: apool
Command: "/home/abduljf/Desktop/Local Repo/C Test Project/Memory_Pool/Memory_Pool/binary/tests-out/allocate_pool_test"
Directory: /home/abduljf/Desktop/Local Repo/C Test Project/Memory_Pool/Memory_Pool/cmake_build
"apool" start time: Jul 18 12:09 EAT
Output:
----------------------------------------------------------
<end of output>
Test time =   0.00 sec
----------------------------------------------------------
Test Passed.
"apool" end time: Jul 18 12:09 EAT
"apool" time elapsed: 00:00:00
----------------------------------------------------------

2/3 Testing: ipool
2/3 Test: ipool
Command: "/home/abduljf/Desktop/Local Repo/C Test Project/Memory_Pool/Memory_Pool/binary/tests-out/init_pool_test"
Directory: /home/abduljf/Desktop/Local Repo/C Test Project/Memory_Pool/Memory_Pool/cmake_build
"ipool" start time: Jul 18 12:09 EAT
Output:
----------------------------------------------------------
<end of output>
Test time =   0.00 sec
----------------------------------------------------------
Test Passed.
"ipool" end time: Jul 18 12:09 EAT
"ipool" time elapsed: 00:00:00
----------------------------------------------------------

3/3 Testing: rpool
3/3 Test: rpool
Command: "/home/abduljf/Desktop/Local Repo/C Test Project/Memory_Pool/Memory_Pool/binary/tests-out/release_pool_test"
Directory: /home/abduljf/Desktop/Local Repo/C Test Project/Memory_Pool/Memory_Pool/cmake_build
"rpool" start time: Jul 18 12:09 EAT
Output:
----------------------------------------------------------
<end of output>
Test time =   0.00 sec
----------------------------------------------------------
Test Failed.
"rpool" end time: Jul 18 12:09 EAT
"rpool" time elapsed: 00:00:00
----------------------------------------------------------

End testing: Jul 18 12:09 EAT
