Start testing: Jul 19 10:51 EAT
----------------------------------------------------------
1/3 Testing: apool
1/3 Test: apool
Command: "/home/abduljf/Desktop/Local Repo/C Test Project/Memory_Pool/Memory_Pool/binary/tests-out/allocate_pool_test"
Directory: /home/abduljf/Desktop/Local Repo/C Test Project/Memory_Pool/Memory_Pool/cmake_build/debug
"apool" start time: Jul 19 10:51 EAT
Output:
----------------------------------------------------------
<end of output>
Test time =   0.00 sec
----------------------------------------------------------
Test Passed.
"apool" end time: Jul 19 10:51 EAT
"apool" time elapsed: 00:00:00
----------------------------------------------------------

End testing: Jul 19 10:51 EAT
